[INFO] Scanning for projects...
[INFO] 
[INFO] ------------------------< com.palash:taskflow >-------------------------
[INFO] Building taskflow 0.0.1-SNAPSHOT
[INFO]   from pom.xml
[INFO] --------------------------------[ jar ]---------------------------------
[INFO] 
[INFO] --- clean:3.3.2:clean (default-clean) @ taskflow ---
[INFO] Deleting /Users/aviralshah/taskflow-palash-shah/backend/target
[INFO] 
[INFO] >>> spring-boot:3.3.4:run (default-cli) > test-compile @ taskflow >>>
[INFO] 
[INFO] --- resources:3.3.1:resources (default-resources) @ taskflow ---
[INFO] Copying 1 resource from src/main/resources to target/classes
[INFO] Copying 4 resources from src/main/resources to target/classes
[INFO] 
[INFO] --- compiler:3.13.0:compile (default-compile) @ taskflow ---
[INFO] Recompiling the module because of changed source code.
[INFO] Compiling 29 source files with javac [debug parameters release 17] to target/classes
[INFO] 
[INFO] --- resources:3.3.1:testResources (default-testResources) @ taskflow ---
[INFO] Copying 1 resource from src/test/resources to target/test-classes
[INFO] 
[INFO] --- compiler:3.13.0:testCompile (default-testCompile) @ taskflow ---
[INFO] Recompiling the module because of changed dependency.
[INFO] Compiling 2 source files with javac [debug parameters release 17] to target/test-classes
[INFO] 
[INFO] <<< spring-boot:3.3.4:run (default-cli) < test-compile @ taskflow <<<
[INFO] 
[INFO] 
[INFO] --- spring-boot:3.3.4:run (default-cli) @ taskflow ---
[INFO] Attaching agents: []

  .   ____          _            __ _ _
 /\\ / ___'_ __ _ _(_)_ __  __ _ \ \ \ \
( ( )\___ | '_ | '_| | '_ \/ _` | \ \ \ \
 \\/  ___)| |_)| | | | | || (_| |  ) ) ) )
  '  |____| .__|_| |_|_| |_\__, | / / / /
 =========|_|==============|___/=/_/_/_/

 :: Spring Boot ::                (v3.3.4)

{"@timestamp":"2026-04-10T17:32:59.132992+05:30","@version":"1","message":"Starting TaskflowApplication using Java 17.0.14 with PID 27588 (/Users/aviralshah/taskflow-palash-shah/backend/target/classes started by aviralshah in /Users/aviralshah/taskflow-palash-shah/backend)","logger_name":"com.palash.taskflow.TaskflowApplication","thread_name":"main","level":"INFO","level_value":20000}
{"@timestamp":"2026-04-10T17:32:59.137204+05:30","@version":"1","message":"Running with Spring Boot v3.3.4, Spring v6.1.13","logger_name":"com.palash.taskflow.TaskflowApplication","thread_name":"main","level":"DEBUG","level_value":10000}
{"@timestamp":"2026-04-10T17:32:59.1375+05:30","@version":"1","message":"The following 1 profile is active: \"dev\"","logger_name":"com.palash.taskflow.TaskflowApplication","thread_name":"main","level":"INFO","level_value":20000}
{"@timestamp":"2026-04-10T17:32:59.411831+05:30","@version":"1","message":"Bootstrapping Spring Data JPA repositories in DEFAULT mode.","logger_name":"org.springframework.data.repository.config.RepositoryConfigurationDelegate","thread_name":"main","level":"INFO","level_value":20000}
{"@timestamp":"2026-04-10T17:32:59.435941+05:30","@version":"1","message":"Finished Spring Data repository scanning in 21 ms. Found 3 JPA repository interfaces.","logger_name":"org.springframework.data.repository.config.RepositoryConfigurationDelegate","thread_name":"main","level":"INFO","level_value":20000}
{"@timestamp":"2026-04-10T17:32:59.66593+05:30","@version":"1","message":"Tomcat initialized with port 8080 (http)","logger_name":"org.springframework.boot.web.embedded.tomcat.TomcatWebServer","thread_name":"main","level":"INFO","level_value":20000}
{"@timestamp":"2026-04-10T17:32:59.671594+05:30","@version":"1","message":"Starting service [Tomcat]","logger_name":"org.apache.catalina.core.StandardService","thread_name":"main","level":"INFO","level_value":20000}
{"@timestamp":"2026-04-10T17:32:59.671691+05:30","@version":"1","message":"Starting Servlet engine: [Apache Tomcat/10.1.30]","logger_name":"org.apache.catalina.core.StandardEngine","thread_name":"main","level":"INFO","level_value":20000}
{"@timestamp":"2026-04-10T17:32:59.695771+05:30","@version":"1","message":"Initializing Spring embedded WebApplicationContext","logger_name":"org.apache.catalina.core.ContainerBase.[Tomcat].[localhost].[/]","thread_name":"main","level":"INFO","level_value":20000}
{"@timestamp":"2026-04-10T17:32:59.696228+05:30","@version":"1","message":"Root WebApplicationContext: initialization completed in 542 ms","logger_name":"org.springframework.boot.web.servlet.context.ServletWebServerApplicationContext","thread_name":"main","level":"INFO","level_value":20000}
{"@timestamp":"2026-04-10T17:32:59.722568+05:30","@version":"1","message":"Filter 'jwtAuthenticationFilter' configured for use","logger_name":"com.palash.taskflow.security.JwtAuthenticationFilter","thread_name":"main","level":"DEBUG","level_value":10000}
{"@timestamp":"2026-04-10T17:32:59.797069+05:30","@version":"1","message":"HikariPool-1 - Starting...","logger_name":"com.zaxxer.hikari.HikariDataSource","thread_name":"main","level":"INFO","level_value":20000}
{"@timestamp":"2026-04-10T17:33:00.851374+05:30","@version":"1","message":"HikariPool-1 - Starting...","logger_name":"com.zaxxer.hikari.HikariDataSource","thread_name":"main","level":"INFO","level_value":20000}
{"@timestamp":"2026-04-10T17:33:01.859739+05:30","@version":"1","message":"HikariPool-1 - Starting...","logger_name":"com.zaxxer.hikari.HikariDataSource","thread_name":"main","level":"INFO","level_value":20000}
{"@timestamp":"2026-04-10T17:33:02.866519+05:30","@version":"1","message":"1 SQL migrations were detected but not run because they did not follow the filename convention.","logger_name":"org.flywaydb.core.internal.resource.ResourceNameValidator","thread_name":"main","level":"INFO","level_value":20000}
{"@timestamp":"2026-04-10T17:33:02.86759+05:30","@version":"1","message":"Set 'validateMigrationNaming' to true to fail fast and see a list of the invalid file names.","logger_name":"org.flywaydb.core.internal.resource.ResourceNameValidator","thread_name":"main","level":"INFO","level_value":20000}
{"@timestamp":"2026-04-10T17:33:02.870607+05:30","@version":"1","message":"HikariPool-1 - Starting...","logger_name":"com.zaxxer.hikari.HikariDataSource","thread_name":"main","level":"INFO","level_value":20000}
{"@timestamp":"2026-04-10T17:33:03.883203+05:30","@version":"1","message":"Exception encountered during context initialization - cancelling refresh attempt: org.springframework.beans.factory.BeanCreationException: Error creating bean with name 'entityManagerFactory' defined in class path resource [org/springframework/boot/autoconfigure/orm/jpa/HibernateJpaConfiguration.class]: Failed to initialize dependency 'flywayInitializer' of LoadTimeWeaverAware bean 'entityManagerFactory': Error creating bean with name 'flywayInitializer' defined in class path resource [org/springframework/boot/autoconfigure/flyway/FlywayAutoConfiguration$FlywayConfiguration.class]: Unable to obtain connection from database: Connection to localhost:5432 refused. Check that the hostname and port are correct and that the postmaster is accepting TCP/IP connections.\n--------------------------------------------------------------------------------------------------------------------------------------------------------------------------------------\nSQL State  : 08001\nError Code : 0\nMessage    : Connection to localhost:5432 refused. Check that the hostname and port are correct and that the postmaster is accepting TCP/IP connections.\n","logger_name":"org.springframework.boot.web.servlet.context.AnnotationConfigServletWebServerApplicationContext","thread_name":"main","level":"WARN","level_value":30000}
{"@timestamp":"2026-04-10T17:33:03.887507+05:30","@version":"1","message":"Stopping service [Tomcat]","logger_name":"org.apache.catalina.core.StandardService","thread_name":"main","level":"INFO","level_value":20000}
{"@timestamp":"2026-04-10T17:33:03.902667+05:30","@version":"1","message":"\n\nError starting ApplicationContext. To display the condition evaluation report re-run your application with 'debug' enabled.","logger_name":"org.springframework.boot.autoconfigure.logging.ConditionEvaluationReportLogger","thread_name":"main","level":"INFO","level_value":20000}
{"@timestamp":"2026-04-10T17:33:03.916561+05:30","@version":"1","message":"Application run failed","logger_name":"org.springframework.boot.SpringApplication","thread_name":"main","level":"ERROR","level_value":40000,"stack_trace":"org.springframework.beans.factory.BeanCreationException: Error creating bean with name 'entityManagerFactory' defined in class path resource [org/springframework/boot/autoconfigure/orm/jpa/HibernateJpaConfiguration.class]: Failed to initialize dependency 'flywayInitializer' of LoadTimeWeaverAware bean 'entityManagerFactory': Error creating bean with name 'flywayInitializer' defined in class path resource [org/springframework/boot/autoconfigure/flyway/FlywayAutoConfiguration$FlywayConfiguration.class]: Unable to obtain connection from database: Connection to localhost:5432 refused. Check that the hostname and port are correct and that the postmaster is accepting TCP/IP connections.\n--------------------------------------------------------------------------------------------------------------------------------------------------------------------------------------\nSQL State  : 08001\nError Code : 0\nMessage    : Connection to localhost:5432 refused. Check that the hostname and port are correct and that the postmaster is accepting TCP/IP connections.\n\n\tat org.springframework.beans.factory.support.AbstractBeanFactory.doGetBean(AbstractBeanFactory.java:326)\n\tat org.springframework.beans.factory.support.AbstractBeanFactory.getBean(AbstractBeanFactory.java:205)\n\tat org.springframework.context.support.AbstractApplicationContext.finishBeanFactoryInitialization(AbstractApplicationContext.java:954)\n\tat org.springframework.context.support.AbstractApplicationContext.refresh(AbstractApplicationContext.java:625)\n\tat org.springframework.boot.web.servlet.context.ServletWebServerApplicationContext.refresh(ServletWebServerApplicationContext.java:146)\n\tat org.springframework.boot.SpringApplication.refresh(SpringApplication.java:754)\n\tat org.springframework.boot.SpringApplication.refreshContext(SpringApplication.java:456)\n\tat org.springframework.boot.SpringApplication.run(SpringApplication.java:335)\n\tat org.springframework.boot.SpringApplication.run(SpringApplication.java:1363)\n\tat org.springframework.boot.SpringApplication.run(SpringApplication.java:1352)\n\tat com.palash.taskflow.TaskflowApplication.main(TaskflowApplication.java:10)\nCaused by: org.springframework.beans.factory.BeanCreationException: Error creating bean with name 'flywayInitializer' defined in class path resource [org/springframework/boot/autoconfigure/flyway/FlywayAutoConfiguration$FlywayConfiguration.class]: Unable to obtain connection from database: Connection to localhost:5432 refused. Check that the hostname and port are correct and that the postmaster is accepting TCP/IP connections.\n--------------------------------------------------------------------------------------------------------------------------------------------------------------------------------------\nSQL State  : 08001\nError Code : 0\nMessage    : Connection to localhost:5432 refused. Check that the hostname and port are correct and that the postmaster is accepting TCP/IP connections.\n\n\tat org.springframework.beans.factory.support.AbstractAutowireCapableBeanFactory.initializeBean(AbstractAutowireCapableBeanFactory.java:1806)\n\tat org.springframework.beans.factory.support.AbstractAutowireCapableBeanFactory.doCreateBean(AbstractAutowireCapableBeanFactory.java:600)\n\tat org.springframework.beans.factory.support.AbstractAutowireCapableBeanFactory.createBean(AbstractAutowireCapableBeanFactory.java:522)\n\tat org.springframework.beans.factory.support.AbstractBeanFactory.lambda$doGetBean$0(AbstractBeanFactory.java:337)\n\tat org.springframework.beans.factory.support.DefaultSingletonBeanRegistry.getSingleton(DefaultSingletonBeanRegistry.java:234)\n\tat org.springframework.beans.factory.support.AbstractBeanFactory.doGetBean(AbstractBeanFactory.java:335)\n\tat org.springframework.beans.factory.support.AbstractBeanFactory.getBean(AbstractBeanFactory.java:200)\n\tat org.springframework.beans.factory.support.AbstractBeanFactory.doGetBean(AbstractBeanFactory.java:313)\n\t... 10 common frames omitted\nCaused by: org.flywaydb.core.internal.exception.FlywaySqlException: Unable to obtain connection from database: Connection to localhost:5432 refused. Check that the hostname and port are correct and that the postmaster is accepting TCP/IP connections.\n--------------------------------------------------------------------------------------------------------------------------------------------------------------------------------------\nSQL State  : 08001\nError Code : 0\nMessage    : Connection to localhost:5432 refused. Check that the hostname and port are correct and that the postmaster is accepting TCP/IP connections.\n\n\tat org.flywaydb.core.internal.jdbc.JdbcUtils.openConnection(JdbcUtils.java:60)\n\tat org.flywaydb.core.internal.jdbc.JdbcConnectionFactory.<init>(JdbcConnectionFactory.java:72)\n\tat org.flywaydb.core.FlywayExecutor.execute(FlywayExecutor.java:134)\n\tat org.flywaydb.core.Flyway.migrate(Flyway.java:147)\n\tat org.springframework.boot.autoconfigure.flyway.FlywayMigrationInitializer.afterPropertiesSet(FlywayMigrationInitializer.java:66)\n\tat org.springframework.beans.factory.support.AbstractAutowireCapableBeanFactory.invokeInitMethods(AbstractAutowireCapableBeanFactory.java:1853)\n\tat org.springframework.beans.factory.support.AbstractAutowireCapableBeanFactory.initializeBean(AbstractAutowireCapableBeanFactory.java:1802)\n\t... 17 common frames omitted\nCaused by: org.postgresql.util.PSQLException: Connection to localhost:5432 refused. Check that the hostname and port are correct and that the postmaster is accepting TCP/IP connections.\n\tat org.postgresql.core.v3.ConnectionFactoryImpl.openConnectionImpl(ConnectionFactoryImpl.java:352)\n\tat org.postgresql.core.ConnectionFactory.openConnection(ConnectionFactory.java:54)\n\tat org.postgresql.jdbc.PgConnection.<init>(PgConnection.java:273)\n\tat org.postgresql.Driver.makeConnection(Driver.java:446)\n\tat org.postgresql.Driver.connect(Driver.java:298)\n\tat com.zaxxer.hikari.util.DriverDataSource.getConnection(DriverDataSource.java:137)\n\tat com.zaxxer.hikari.pool.PoolBase.newConnection(PoolBase.java:360)\n\tat com.zaxxer.hikari.pool.PoolBase.newPoolEntry(PoolBase.java:202)\n\tat com.zaxxer.hikari.pool.HikariPool.createPoolEntry(HikariPool.java:461)\n\tat com.zaxxer.hikari.pool.HikariPool.checkFailFast(HikariPool.java:550)\n\tat com.zaxxer.hikari.pool.HikariPool.<init>(HikariPool.java:98)\n\tat com.zaxxer.hikari.HikariDataSource.getConnection(HikariDataSource.java:111)\n\tat org.flywaydb.core.internal.jdbc.JdbcUtils.openConnection(JdbcUtils.java:48)\n\t... 23 common frames omitted\nCaused by: java.net.ConnectException: Connection refused\n\tat java.base/sun.nio.ch.Net.pollConnect(Native Method)\n\tat java.base/sun.nio.ch.Net.pollConnectNow(Net.java:672)\n\tat java.base/sun.nio.ch.NioSocketImpl.timedFinishConnect(NioSocketImpl.java:554)\n\tat java.base/sun.nio.ch.NioSocketImpl.connect(NioSocketImpl.java:602)\n\tat java.base/java.net.SocksSocketImpl.connect(SocksSocketImpl.java:327)\n\tat java.base/java.net.Socket.connect(Socket.java:633)\n\tat org.postgresql.core.PGStream.createSocket(PGStream.java:260)\n\tat org.postgresql.core.PGStream.<init>(PGStream.java:121)\n\tat org.postgresql.core.v3.ConnectionFactoryImpl.tryConnect(ConnectionFactoryImpl.java:140)\n\tat org.postgresql.core.v3.ConnectionFactoryImpl.openConnectionImpl(ConnectionFactoryImpl.java:268)\n\t... 35 common frames omitted\n"}
[INFO] ------------------------------------------------------------------------
[INFO] BUILD FAILURE
[INFO] ------------------------------------------------------------------------
[INFO] Total time:  7.602 s
[INFO] Finished at: 2026-04-10T17:33:03+05:30
[INFO] ------------------------------------------------------------------------
[ERROR] Failed to execute goal org.springframework.boot:spring-boot-maven-plugin:3.3.4:run (default-cli) on project taskflow: Process terminated with exit code: 1 -> [Help 1]
[ERROR] 
[ERROR] To see the full stack trace of the errors, re-run Maven with the -e switch.
[ERROR] Re-run Maven using the -X switch to enable full debug logging.
[ERROR] 
[ERROR] For more information about the errors and possible solutions, please read the following articles:
[ERROR] [Help 1] http://cwiki.apache.org/confluence/display/MAVEN/MojoExecutionException
